<?xml version="1.0" encoding="UTF-8"?>
<testsuite xmlns:xsi="http://www.w3.org/2001/XMLSchema-instance" xsi:noNamespaceSchemaLocation="https://maven.apache.org/surefire/maven-surefire-plugin/xsd/surefire-test-report.xsd" name="com.drodride.training.spark.AppTest" time="0.018" tests="1" errors="0" skipped="0" failures="0">
  <properties>
    <property name="sun.desktop" value="windows"/>
    <property name="awt.toolkit" value="sun.awt.windows.WToolkit"/>
    <property name="file.encoding.pkg" value="sun.io"/>
    <property name="java.specification.version" value="1.8"/>
    <property name="sun.cpu.isalist" value="amd64"/>
    <property name="sun.jnu.encoding" value="Cp1252"/>
    <property name="java.class.path" value="C:\Users\Daniel RD\IdeaProjects\sparktraining\target\test-classes;C:\Users\Daniel RD\IdeaProjects\sparktraining\target\classes;C:\Users\Daniel RD\.m2\repository\junit\junit\4.11\junit-4.11.jar;C:\Users\Daniel RD\.m2\repository\org\hamcrest\hamcrest-core\1.3\hamcrest-core-1.3.jar;C:\Users\Daniel RD\.m2\repository\org\apache\spark\spark-core_2.11\2.4.0\spark-core_2.11-2.4.0.jar;C:\Users\Daniel RD\.m2\repository\org\apache\avro\avro\1.8.2\avro-1.8.2.jar;C:\Users\Daniel RD\.m2\repository\org\codehaus\jackson\jackson-core-asl\1.9.13\jackson-core-asl-1.9.13.jar;C:\Users\Daniel RD\.m2\repository\com\thoughtworks\paranamer\paranamer\2.7\paranamer-2.7.jar;C:\Users\Daniel RD\.m2\repository\org\apache\commons\commons-compress\1.8.1\commons-compress-1.8.1.jar;C:\Users\Daniel RD\.m2\repository\org\tukaani\xz\1.5\xz-1.5.jar;C:\Users\Daniel RD\.m2\repository\org\apache\avro\avro-mapred\1.8.2\avro-mapred-1.8.2-hadoop2.jar;C:\Users\Daniel RD\.m2\repository\org\apache\avro\avro-ipc\1.8.2\avro-ipc-1.8.2.jar;C:\Users\Daniel RD\.m2\repository\com\twitter\chill_2.11\0.9.3\chill_2.11-0.9.3.jar;C:\Users\Daniel RD\.m2\repository\com\esotericsoftware\kryo-shaded\4.0.2\kryo-shaded-4.0.2.jar;C:\Users\Daniel RD\.m2\repository\com\esotericsoftware\minlog\1.3.0\minlog-1.3.0.jar;C:\Users\Daniel RD\.m2\repository\org\objenesis\objenesis\2.5.1\objenesis-2.5.1.jar;C:\Users\Daniel RD\.m2\repository\com\twitter\chill-java\0.9.3\chill-java-0.9.3.jar;C:\Users\Daniel RD\.m2\repository\org\apache\xbean\xbean-asm6-shaded\4.8\xbean-asm6-shaded-4.8.jar;C:\Users\Daniel RD\.m2\repository\org\apache\hadoop\hadoop-client\2.6.5\hadoop-client-2.6.5.jar;C:\Users\Daniel RD\.m2\repository\org\apache\hadoop\hadoop-common\2.6.5\hadoop-common-2.6.5.jar;C:\Users\Daniel RD\.m2\repository\xmlenc\xmlenc\0.52\xmlenc-0.52.jar;C:\Users\Daniel RD\.m2\repository\commons-collections\commons-collections\3.2.2\commons-collections-3.2.2.jar;C:\Users\Daniel RD\.m2\repository\commons-configuration\commons-configuration\1.6\commons-configuration-1.6.jar;C:\Users\Daniel RD\.m2\repository\commons-digester\commons-digester\1.8\commons-digester-1.8.jar;C:\Users\Daniel RD\.m2\repository\commons-beanutils\commons-beanutils\1.7.0\commons-beanutils-1.7.0.jar;C:\Users\Daniel RD\.m2\repository\commons-beanutils\commons-beanutils-core\1.8.0\commons-beanutils-core-1.8.0.jar;C:\Users\Daniel RD\.m2\repository\com\google\code\gson\gson\2.2.4\gson-2.2.4.jar;C:\Users\Daniel RD\.m2\repository\org\apache\hadoop\hadoop-auth\2.6.5\hadoop-auth-2.6.5.jar;C:\Users\Daniel RD\.m2\repository\org\apache\directory\server\apacheds-kerberos-codec\2.0.0-M15\apacheds-kerberos-codec-2.0.0-M15.jar;C:\Users\Daniel RD\.m2\repository\org\apache\directory\server\apacheds-i18n\2.0.0-M15\apacheds-i18n-2.0.0-M15.jar;C:\Users\Daniel RD\.m2\repository\org\apache\directory\api\api-asn1-api\1.0.0-M20\api-asn1-api-1.0.0-M20.jar;C:\Users\Daniel RD\.m2\repository\org\apache\directory\api\api-util\1.0.0-M20\api-util-1.0.0-M20.jar;C:\Users\Daniel RD\.m2\repository\org\apache\curator\curator-client\2.6.0\curator-client-2.6.0.jar;C:\Users\Daniel RD\.m2\repository\org\htrace\htrace-core\3.0.4\htrace-core-3.0.4.jar;C:\Users\Daniel RD\.m2\repository\org\apache\hadoop\hadoop-hdfs\2.6.5\hadoop-hdfs-2.6.5.jar;C:\Users\Daniel RD\.m2\repository\org\mortbay\jetty\jetty-util\6.1.26\jetty-util-6.1.26.jar;C:\Users\Daniel RD\.m2\repository\xerces\xercesImpl\2.9.1\xercesImpl-2.9.1.jar;C:\Users\Daniel RD\.m2\repository\xml-apis\xml-apis\1.3.04\xml-apis-1.3.04.jar;C:\Users\Daniel RD\.m2\repository\org\apache\hadoop\hadoop-mapreduce-client-app\2.6.5\hadoop-mapreduce-client-app-2.6.5.jar;C:\Users\Daniel RD\.m2\repository\org\apache\hadoop\hadoop-mapreduce-client-common\2.6.5\hadoop-mapreduce-client-common-2.6.5.jar;C:\Users\Daniel RD\.m2\repository\org\apache\hadoop\hadoop-yarn-client\2.6.5\hadoop-yarn-client-2.6.5.jar;C:\Users\Daniel RD\.m2\repository\org\apache\hadoop\hadoop-yarn-server-common\2.6.5\hadoop-yarn-server-common-2.6.5.jar;C:\Users\Daniel RD\.m2\repository\org\apache\hadoop\hadoop-mapreduce-client-shuffle\2.6.5\hadoop-mapreduce-client-shuffle-2.6.5.jar;C:\Users\Daniel RD\.m2\repository\org\apache\hadoop\hadoop-yarn-api\2.6.5\hadoop-yarn-api-2.6.5.jar;C:\Users\Daniel RD\.m2\repository\org\apache\hadoop\hadoop-mapreduce-client-core\2.6.5\hadoop-mapreduce-client-core-2.6.5.jar;C:\Users\Daniel RD\.m2\repository\org\apache\hadoop\hadoop-yarn-common\2.6.5\hadoop-yarn-common-2.6.5.jar;C:\Users\Daniel RD\.m2\repository\javax\xml\bind\jaxb-api\2.2.2\jaxb-api-2.2.2.jar;C:\Users\Daniel RD\.m2\repository\javax\xml\stream\stax-api\1.0-2\stax-api-1.0-2.jar;C:\Users\Daniel RD\.m2\repository\org\codehaus\jackson\jackson-jaxrs\1.9.13\jackson-jaxrs-1.9.13.jar;C:\Users\Daniel RD\.m2\repository\org\codehaus\jackson\jackson-xc\1.9.13\jackson-xc-1.9.13.jar;C:\Users\Daniel RD\.m2\repository\org\apache\hadoop\hadoop-mapreduce-client-jobclient\2.6.5\hadoop-mapreduce-client-jobclient-2.6.5.jar;C:\Users\Daniel RD\.m2\repository\org\apache\hadoop\hadoop-annotations\2.6.5\hadoop-annotations-2.6.5.jar;C:\Users\Daniel RD\.m2\repository\org\apache\spark\spark-launcher_2.11\2.4.0\spark-launcher_2.11-2.4.0.jar;C:\Users\Daniel RD\.m2\repository\org\apache\spark\spark-kvstore_2.11\2.4.0\spark-kvstore_2.11-2.4.0.jar;C:\Users\Daniel RD\.m2\repository\org\fusesource\leveldbjni\leveldbjni-all\1.8\leveldbjni-all-1.8.jar;C:\Users\Daniel RD\.m2\repository\com\fasterxml\jackson\core\jackson-core\2.6.7\jackson-core-2.6.7.jar;C:\Users\Daniel RD\.m2\repository\com\fasterxml\jackson\core\jackson-annotations\2.6.7\jackson-annotations-2.6.7.jar;C:\Users\Daniel RD\.m2\repository\org\apache\spark\spark-network-common_2.11\2.4.0\spark-network-common_2.11-2.4.0.jar;C:\Users\Daniel RD\.m2\repository\org\apache\spark\spark-network-shuffle_2.11\2.4.0\spark-network-shuffle_2.11-2.4.0.jar;C:\Users\Daniel RD\.m2\repository\org\apache\spark\spark-unsafe_2.11\2.4.0\spark-unsafe_2.11-2.4.0.jar;C:\Users\Daniel RD\.m2\repository\javax\activation\activation\1.1.1\activation-1.1.1.jar;C:\Users\Daniel RD\.m2\repository\org\apache\curator\curator-recipes\2.6.0\curator-recipes-2.6.0.jar;C:\Users\Daniel RD\.m2\repository\org\apache\curator\curator-framework\2.6.0\curator-framework-2.6.0.jar;C:\Users\Daniel RD\.m2\repository\com\google\guava\guava\16.0.1\guava-16.0.1.jar;C:\Users\Daniel RD\.m2\repository\org\apache\zookeeper\zookeeper\3.4.6\zookeeper-3.4.6.jar;C:\Users\Daniel RD\.m2\repository\javax\servlet\javax.servlet-api\3.1.0\javax.servlet-api-3.1.0.jar;C:\Users\Daniel RD\.m2\repository\org\apache\commons\commons-lang3\3.5\commons-lang3-3.5.jar;C:\Users\Daniel RD\.m2\repository\org\apache\commons\commons-math3\3.4.1\commons-math3-3.4.1.jar;C:\Users\Daniel RD\.m2\repository\com\google\code\findbugs\jsr305\1.3.9\jsr305-1.3.9.jar;C:\Users\Daniel RD\.m2\repository\org\slf4j\slf4j-api\1.7.16\slf4j-api-1.7.16.jar;C:\Users\Daniel RD\.m2\repository\org\slf4j\jul-to-slf4j\1.7.16\jul-to-slf4j-1.7.16.jar;C:\Users\Daniel RD\.m2\repository\org\slf4j\jcl-over-slf4j\1.7.16\jcl-over-slf4j-1.7.16.jar;C:\Users\Daniel RD\.m2\repository\log4j\log4j\1.2.17\log4j-1.2.17.jar;C:\Users\Daniel RD\.m2\repository\org\slf4j\slf4j-log4j12\1.7.16\slf4j-log4j12-1.7.16.jar;C:\Users\Daniel RD\.m2\repository\com\ning\compress-lzf\1.0.3\compress-lzf-1.0.3.jar;C:\Users\Daniel RD\.m2\repository\org\xerial\snappy\snappy-java\1.1.7.1\snappy-java-1.1.7.1.jar;C:\Users\Daniel RD\.m2\repository\org\lz4\lz4-java\1.4.0\lz4-java-1.4.0.jar;C:\Users\Daniel RD\.m2\repository\com\github\luben\zstd-jni\1.3.2-2\zstd-jni-1.3.2-2.jar;C:\Users\Daniel RD\.m2\repository\org\roaringbitmap\RoaringBitmap\0.5.11\RoaringBitmap-0.5.11.jar;C:\Users\Daniel RD\.m2\repository\commons-net\commons-net\3.1\commons-net-3.1.jar;C:\Users\Daniel RD\.m2\repository\org\scala-lang\scala-library\2.11.12\scala-library-2.11.12.jar;C:\Users\Daniel RD\.m2\repository\org\json4s\json4s-jackson_2.11\3.5.3\json4s-jackson_2.11-3.5.3.jar;C:\Users\Daniel RD\.m2\repository\org\json4s\json4s-core_2.11\3.5.3\json4s-core_2.11-3.5.3.jar;C:\Users\Daniel RD\.m2\repository\org\json4s\json4s-ast_2.11\3.5.3\json4s-ast_2.11-3.5.3.jar;C:\Users\Daniel RD\.m2\repository\org\json4s\json4s-scalap_2.11\3.5.3\json4s-scalap_2.11-3.5.3.jar;C:\Users\Daniel RD\.m2\repository\org\scala-lang\modules\scala-xml_2.11\1.0.6\scala-xml_2.11-1.0.6.jar;C:\Users\Daniel RD\.m2\repository\org\glassfish\jersey\core\jersey-client\2.22.2\jersey-client-2.22.2.jar;C:\Users\Daniel RD\.m2\repository\javax\ws\rs\javax.ws.rs-api\2.0.1\javax.ws.rs-api-2.0.1.jar;C:\Users\Daniel RD\.m2\repository\org\glassfish\hk2\hk2-api\2.4.0-b34\hk2-api-2.4.0-b34.jar;C:\Users\Daniel RD\.m2\repository\org\glassfish\hk2\hk2-utils\2.4.0-b34\hk2-utils-2.4.0-b34.jar;C:\Users\Daniel RD\.m2\repository\org\glassfish\hk2\external\aopalliance-repackaged\2.4.0-b34\aopalliance-repackaged-2.4.0-b34.jar;C:\Users\Daniel RD\.m2\repository\org\glassfish\hk2\external\javax.inject\2.4.0-b34\javax.inject-2.4.0-b34.jar;C:\Users\Daniel RD\.m2\repository\org\glassfish\hk2\hk2-locator\2.4.0-b34\hk2-locator-2.4.0-b34.jar;C:\Users\Daniel RD\.m2\repository\org\javassist\javassist\3.18.1-GA\javassist-3.18.1-GA.jar;C:\Users\Daniel RD\.m2\repository\org\glassfish\jersey\core\jersey-common\2.22.2\jersey-common-2.22.2.jar;C:\Users\Daniel RD\.m2\repository\javax\annotation\javax.annotation-api\1.2\javax.annotation-api-1.2.jar;C:\Users\Daniel RD\.m2\repository\org\glassfish\jersey\bundles\repackaged\jersey-guava\2.22.2\jersey-guava-2.22.2.jar;C:\Users\Daniel RD\.m2\repository\org\glassfish\hk2\osgi-resource-locator\1.0.1\osgi-resource-locator-1.0.1.jar;C:\Users\Daniel RD\.m2\repository\org\glassfish\jersey\core\jersey-server\2.22.2\jersey-server-2.22.2.jar;C:\Users\Daniel RD\.m2\repository\org\glassfish\jersey\media\jersey-media-jaxb\2.22.2\jersey-media-jaxb-2.22.2.jar;C:\Users\Daniel RD\.m2\repository\javax\validation\validation-api\1.1.0.Final\validation-api-1.1.0.Final.jar;C:\Users\Daniel RD\.m2\repository\org\glassfish\jersey\containers\jersey-container-servlet\2.22.2\jersey-container-servlet-2.22.2.jar;C:\Users\Daniel RD\.m2\repository\org\glassfish\jersey\containers\jersey-container-servlet-core\2.22.2\jersey-container-servlet-core-2.22.2.jar;C:\Users\Daniel RD\.m2\repository\io\netty\netty-all\4.1.17.Final\netty-all-4.1.17.Final.jar;C:\Users\Daniel RD\.m2\repository\io\netty\netty\3.9.9.Final\netty-3.9.9.Final.jar;C:\Users\Daniel RD\.m2\repository\com\clearspring\analytics\stream\2.7.0\stream-2.7.0.jar;C:\Users\Daniel RD\.m2\repository\io\dropwizard\metrics\metrics-core\3.1.5\metrics-core-3.1.5.jar;C:\Users\Daniel RD\.m2\repository\io\dropwizard\metrics\metrics-jvm\3.1.5\metrics-jvm-3.1.5.jar;C:\Users\Daniel RD\.m2\repository\io\dropwizard\metrics\metrics-json\3.1.5\metrics-json-3.1.5.jar;C:\Users\Daniel RD\.m2\repository\io\dropwizard\metrics\metrics-graphite\3.1.5\metrics-graphite-3.1.5.jar;C:\Users\Daniel RD\.m2\repository\com\fasterxml\jackson\core\jackson-databind\2.6.7.1\jackson-databind-2.6.7.1.jar;C:\Users\Daniel RD\.m2\repository\com\fasterxml\jackson\module\jackson-module-scala_2.11\2.6.7.1\jackson-module-scala_2.11-2.6.7.1.jar;C:\Users\Daniel RD\.m2\repository\org\scala-lang\scala-reflect\2.11.8\scala-reflect-2.11.8.jar;C:\Users\Daniel RD\.m2\repository\com\fasterxml\jackson\module\jackson-module-paranamer\2.7.9\jackson-module-paranamer-2.7.9.jar;C:\Users\Daniel RD\.m2\repository\org\apache\ivy\ivy\2.4.0\ivy-2.4.0.jar;C:\Users\Daniel RD\.m2\repository\oro\oro\2.0.8\oro-2.0.8.jar;C:\Users\Daniel RD\.m2\repository\net\razorvine\pyrolite\4.13\pyrolite-4.13.jar;C:\Users\Daniel RD\.m2\repository\net\sf\py4j\py4j\0.10.7\py4j-0.10.7.jar;C:\Users\Daniel RD\.m2\repository\org\apache\spark\spark-tags_2.11\2.4.0\spark-tags_2.11-2.4.0.jar;C:\Users\Daniel RD\.m2\repository\org\apache\commons\commons-crypto\1.0.0\commons-crypto-1.0.0.jar;C:\Users\Daniel RD\.m2\repository\org\spark-project\spark\unused\1.0.0\unused-1.0.0.jar;C:\Users\Daniel RD\.m2\repository\org\apache\spark\spark-sql_2.11\2.4.0\spark-sql_2.11-2.4.0.jar;C:\Users\Daniel RD\.m2\repository\com\univocity\univocity-parsers\2.7.3\univocity-parsers-2.7.3.jar;C:\Users\Daniel RD\.m2\repository\org\apache\spark\spark-sketch_2.11\2.4.0\spark-sketch_2.11-2.4.0.jar;C:\Users\Daniel RD\.m2\repository\org\apache\spark\spark-catalyst_2.11\2.4.0\spark-catalyst_2.11-2.4.0.jar;C:\Users\Daniel RD\.m2\repository\org\scala-lang\modules\scala-parser-combinators_2.11\1.1.0\scala-parser-combinators_2.11-1.1.0.jar;C:\Users\Daniel RD\.m2\repository\org\codehaus\janino\janino\3.0.9\janino-3.0.9.jar;C:\Users\Daniel RD\.m2\repository\org\codehaus\janino\commons-compiler\3.0.9\commons-compiler-3.0.9.jar;C:\Users\Daniel RD\.m2\repository\org\antlr\antlr4-runtime\4.7\antlr4-runtime-4.7.jar;C:\Users\Daniel RD\.m2\repository\org\apache\orc\orc-core\1.5.2\orc-core-1.5.2-nohive.jar;C:\Users\Daniel RD\.m2\repository\org\apache\orc\orc-shims\1.5.2\orc-shims-1.5.2.jar;C:\Users\Daniel RD\.m2\repository\com\google\protobuf\protobuf-java\2.5.0\protobuf-java-2.5.0.jar;C:\Users\Daniel RD\.m2\repository\commons-lang\commons-lang\2.6\commons-lang-2.6.jar;C:\Users\Daniel RD\.m2\repository\io\airlift\aircompressor\0.10\aircompressor-0.10.jar;C:\Users\Daniel RD\.m2\repository\org\apache\orc\orc-mapreduce\1.5.2\orc-mapreduce-1.5.2-nohive.jar;C:\Users\Daniel RD\.m2\repository\org\apache\parquet\parquet-column\1.10.0\parquet-column-1.10.0.jar;C:\Users\Daniel RD\.m2\repository\org\apache\parquet\parquet-common\1.10.0\parquet-common-1.10.0.jar;C:\Users\Daniel RD\.m2\repository\org\apache\parquet\parquet-encoding\1.10.0\parquet-encoding-1.10.0.jar;C:\Users\Daniel RD\.m2\repository\org\apache\parquet\parquet-hadoop\1.10.0\parquet-hadoop-1.10.0.jar;C:\Users\Daniel RD\.m2\repository\org\apache\parquet\parquet-format\2.4.0\parquet-format-2.4.0.jar;C:\Users\Daniel RD\.m2\repository\org\apache\parquet\parquet-jackson\1.10.0\parquet-jackson-1.10.0.jar;C:\Users\Daniel RD\.m2\repository\org\apache\arrow\arrow-vector\0.10.0\arrow-vector-0.10.0.jar;C:\Users\Daniel RD\.m2\repository\org\apache\arrow\arrow-format\0.10.0\arrow-format-0.10.0.jar;C:\Users\Daniel RD\.m2\repository\org\apache\arrow\arrow-memory\0.10.0\arrow-memory-0.10.0.jar;C:\Users\Daniel RD\.m2\repository\com\carrotsearch\hppc\0.7.2\hppc-0.7.2.jar;C:\Users\Daniel RD\.m2\repository\com\vlkan\flatbuffers\1.2.0-3f79e055\flatbuffers-1.2.0-3f79e055.jar;C:\Users\Daniel RD\.m2\repository\org\apache\spark\spark-hive_2.11\2.4.0\spark-hive_2.11-2.4.0.jar;C:\Users\Daniel RD\.m2\repository\com\twitter\parquet-hadoop-bundle\1.6.0\parquet-hadoop-bundle-1.6.0.jar;C:\Users\Daniel RD\.m2\repository\org\spark-project\hive\hive-exec\1.2.1.spark2\hive-exec-1.2.1.spark2.jar;C:\Users\Daniel RD\.m2\repository\commons-io\commons-io\2.4\commons-io-2.4.jar;C:\Users\Daniel RD\.m2\repository\javolution\javolution\5.5.1\javolution-5.5.1.jar;C:\Users\Daniel RD\.m2\repository\log4j\apache-log4j-extras\1.2.17\apache-log4j-extras-1.2.17.jar;C:\Users\Daniel RD\.m2\repository\org\antlr\antlr-runtime\3.4\antlr-runtime-3.4.jar;C:\Users\Daniel RD\.m2\repository\org\antlr\stringtemplate\3.2.1\stringtemplate-3.2.1.jar;C:\Users\Daniel RD\.m2\repository\antlr\antlr\2.7.7\antlr-2.7.7.jar;C:\Users\Daniel RD\.m2\repository\org\antlr\ST4\4.0.4\ST4-4.0.4.jar;C:\Users\Daniel RD\.m2\repository\com\googlecode\javaewah\JavaEWAH\0.3.2\JavaEWAH-0.3.2.jar;C:\Users\Daniel RD\.m2\repository\org\iq80\snappy\snappy\0.2\snappy-0.2.jar;C:\Users\Daniel RD\.m2\repository\stax\stax-api\1.0.1\stax-api-1.0.1.jar;C:\Users\Daniel RD\.m2\repository\net\sf\opencsv\opencsv\2.3\opencsv-2.3.jar;C:\Users\Daniel RD\.m2\repository\org\spark-project\hive\hive-metastore\1.2.1.spark2\hive-metastore-1.2.1.spark2.jar;C:\Users\Daniel RD\.m2\repository\com\jolbox\bonecp\0.8.0.RELEASE\bonecp-0.8.0.RELEASE.jar;C:\Users\Daniel RD\.m2\repository\commons-cli\commons-cli\1.2\commons-cli-1.2.jar;C:\Users\Daniel RD\.m2\repository\commons-logging\commons-logging\1.1.3\commons-logging-1.1.3.jar;C:\Users\Daniel RD\.m2\repository\org\datanucleus\datanucleus-api-jdo\3.2.6\datanucleus-api-jdo-3.2.6.jar;C:\Users\Daniel RD\.m2\repository\org\datanucleus\datanucleus-rdbms\3.2.9\datanucleus-rdbms-3.2.9.jar;C:\Users\Daniel RD\.m2\repository\commons-pool\commons-pool\1.5.4\commons-pool-1.5.4.jar;C:\Users\Daniel RD\.m2\repository\commons-dbcp\commons-dbcp\1.4\commons-dbcp-1.4.jar;C:\Users\Daniel RD\.m2\repository\javax\jdo\jdo-api\3.0.1\jdo-api-3.0.1.jar;C:\Users\Daniel RD\.m2\repository\javax\transaction\jta\1.1\jta-1.1.jar;C:\Users\Daniel RD\.m2\repository\commons-httpclient\commons-httpclient\3.1\commons-httpclient-3.1.jar;C:\Users\Daniel RD\.m2\repository\org\apache\calcite\calcite-avatica\1.2.0-incubating\calcite-avatica-1.2.0-incubating.jar;C:\Users\Daniel RD\.m2\repository\org\apache\calcite\calcite-core\1.2.0-incubating\calcite-core-1.2.0-incubating.jar;C:\Users\Daniel RD\.m2\repository\org\apache\calcite\calcite-linq4j\1.2.0-incubating\calcite-linq4j-1.2.0-incubating.jar;C:\Users\Daniel RD\.m2\repository\net\hydromatic\eigenbase-properties\1.1.5\eigenbase-properties-1.1.5.jar;C:\Users\Daniel RD\.m2\repository\org\apache\httpcomponents\httpclient\4.5.6\httpclient-4.5.6.jar;C:\Users\Daniel RD\.m2\repository\org\apache\httpcomponents\httpcore\4.4.10\httpcore-4.4.10.jar;C:\Users\Daniel RD\.m2\repository\org\codehaus\jackson\jackson-mapper-asl\1.9.13\jackson-mapper-asl-1.9.13.jar;C:\Users\Daniel RD\.m2\repository\commons-codec\commons-codec\1.10\commons-codec-1.10.jar;C:\Users\Daniel RD\.m2\repository\joda-time\joda-time\2.9.3\joda-time-2.9.3.jar;C:\Users\Daniel RD\.m2\repository\org\jodd\jodd-core\3.5.2\jodd-core-3.5.2.jar;C:\Users\Daniel RD\.m2\repository\org\datanucleus\datanucleus-core\3.2.10\datanucleus-core-3.2.10.jar;C:\Users\Daniel RD\.m2\repository\org\apache\thrift\libthrift\0.9.3\libthrift-0.9.3.jar;C:\Users\Daniel RD\.m2\repository\org\apache\thrift\libfb303\0.9.3\libfb303-0.9.3.jar;C:\Users\Daniel RD\.m2\repository\org\apache\derby\derby\10.12.1.1\derby-10.12.1.1.jar;"/>
    <property name="java.vm.vendor" value="Oracle Corporation"/>
    <property name="sun.arch.data.model" value="64"/>
    <property name="user.variant" value=""/>
    <property name="java.vendor.url" value="http://java.oracle.com/"/>
    <property name="user.timezone" value="Europe/Paris"/>
    <property name="java.vm.specification.version" value="1.8"/>
    <property name="os.name" value="Windows 10"/>
    <property name="user.country" value="ES"/>
    <property name="sun.java.launcher" value="SUN_STANDARD"/>
    <property name="sun.boot.library.path" value="C:\Program Files\Java\jdk1.8.0_191\jre\bin"/>
    <property name="sun.java.command" value="C:\Users\DANIEL~1\AppData\Local\Temp\surefire3309633142656718330\surefirebooter8860844425939389357.jar C:\Users\Daniel RD\AppData\Local\Temp\surefire3309633142656718330 2019-07-28T18-50-04_301-jvmRun1 surefire5408669175317745588tmp surefire_03449373455360458738tmp"/>
    <property name="surefire.test.class.path" value="C:\Users\Daniel RD\IdeaProjects\sparktraining\target\test-classes;C:\Users\Daniel RD\IdeaProjects\sparktraining\target\classes;C:\Users\Daniel RD\.m2\repository\junit\junit\4.11\junit-4.11.jar;C:\Users\Daniel RD\.m2\repository\org\hamcrest\hamcrest-core\1.3\hamcrest-core-1.3.jar;C:\Users\Daniel RD\.m2\repository\org\apache\spark\spark-core_2.11\2.4.0\spark-core_2.11-2.4.0.jar;C:\Users\Daniel RD\.m2\repository\org\apache\avro\avro\1.8.2\avro-1.8.2.jar;C:\Users\Daniel RD\.m2\repository\org\codehaus\jackson\jackson-core-asl\1.9.13\jackson-core-asl-1.9.13.jar;C:\Users\Daniel RD\.m2\repository\com\thoughtworks\paranamer\paranamer\2.7\paranamer-2.7.jar;C:\Users\Daniel RD\.m2\repository\org\apache\commons\commons-compress\1.8.1\commons-compress-1.8.1.jar;C:\Users\Daniel RD\.m2\repository\org\tukaani\xz\1.5\xz-1.5.jar;C:\Users\Daniel RD\.m2\repository\org\apache\avro\avro-mapred\1.8.2\avro-mapred-1.8.2-hadoop2.jar;C:\Users\Daniel RD\.m2\repository\org\apache\avro\avro-ipc\1.8.2\avro-ipc-1.8.2.jar;C:\Users\Daniel RD\.m2\repository\com\twitter\chill_2.11\0.9.3\chill_2.11-0.9.3.jar;C:\Users\Daniel RD\.m2\repository\com\esotericsoftware\kryo-shaded\4.0.2\kryo-shaded-4.0.2.jar;C:\Users\Daniel RD\.m2\repository\com\esotericsoftware\minlog\1.3.0\minlog-1.3.0.jar;C:\Users\Daniel RD\.m2\repository\org\objenesis\objenesis\2.5.1\objenesis-2.5.1.jar;C:\Users\Daniel RD\.m2\repository\com\twitter\chill-java\0.9.3\chill-java-0.9.3.jar;C:\Users\Daniel RD\.m2\repository\org\apache\xbean\xbean-asm6-shaded\4.8\xbean-asm6-shaded-4.8.jar;C:\Users\Daniel RD\.m2\repository\org\apache\hadoop\hadoop-client\2.6.5\hadoop-client-2.6.5.jar;C:\Users\Daniel RD\.m2\repository\org\apache\hadoop\hadoop-common\2.6.5\hadoop-common-2.6.5.jar;C:\Users\Daniel RD\.m2\repository\xmlenc\xmlenc\0.52\xmlenc-0.52.jar;C:\Users\Daniel RD\.m2\repository\commons-collections\commons-collections\3.2.2\commons-collections-3.2.2.jar;C:\Users\Daniel RD\.m2\repository\commons-configuration\commons-configuration\1.6\commons-configuration-1.6.jar;C:\Users\Daniel RD\.m2\repository\commons-digester\commons-digester\1.8\commons-digester-1.8.jar;C:\Users\Daniel RD\.m2\repository\commons-beanutils\commons-beanutils\1.7.0\commons-beanutils-1.7.0.jar;C:\Users\Daniel RD\.m2\repository\commons-beanutils\commons-beanutils-core\1.8.0\commons-beanutils-core-1.8.0.jar;C:\Users\Daniel RD\.m2\repository\com\google\code\gson\gson\2.2.4\gson-2.2.4.jar;C:\Users\Daniel RD\.m2\repository\org\apache\hadoop\hadoop-auth\2.6.5\hadoop-auth-2.6.5.jar;C:\Users\Daniel RD\.m2\repository\org\apache\directory\server\apacheds-kerberos-codec\2.0.0-M15\apacheds-kerberos-codec-2.0.0-M15.jar;C:\Users\Daniel RD\.m2\repository\org\apache\directory\server\apacheds-i18n\2.0.0-M15\apacheds-i18n-2.0.0-M15.jar;C:\Users\Daniel RD\.m2\repository\org\apache\directory\api\api-asn1-api\1.0.0-M20\api-asn1-api-1.0.0-M20.jar;C:\Users\Daniel RD\.m2\repository\org\apache\directory\api\api-util\1.0.0-M20\api-util-1.0.0-M20.jar;C:\Users\Daniel RD\.m2\repository\org\apache\curator\curator-client\2.6.0\curator-client-2.6.0.jar;C:\Users\Daniel RD\.m2\repository\org\htrace\htrace-core\3.0.4\htrace-core-3.0.4.jar;C:\Users\Daniel RD\.m2\repository\org\apache\hadoop\hadoop-hdfs\2.6.5\hadoop-hdfs-2.6.5.jar;C:\Users\Daniel RD\.m2\repository\org\mortbay\jetty\jetty-util\6.1.26\jetty-util-6.1.26.jar;C:\Users\Daniel RD\.m2\repository\xerces\xercesImpl\2.9.1\xercesImpl-2.9.1.jar;C:\Users\Daniel RD\.m2\repository\xml-apis\xml-apis\1.3.04\xml-apis-1.3.04.jar;C:\Users\Daniel RD\.m2\repository\org\apache\hadoop\hadoop-mapreduce-client-app\2.6.5\hadoop-mapreduce-client-app-2.6.5.jar;C:\Users\Daniel RD\.m2\repository\org\apache\hadoop\hadoop-mapreduce-client-common\2.6.5\hadoop-mapreduce-client-common-2.6.5.jar;C:\Users\Daniel RD\.m2\repository\org\apache\hadoop\hadoop-yarn-client\2.6.5\hadoop-yarn-client-2.6.5.jar;C:\Users\Daniel RD\.m2\repository\org\apache\hadoop\hadoop-yarn-server-common\2.6.5\hadoop-yarn-server-common-2.6.5.jar;C:\Users\Daniel RD\.m2\repository\org\apache\hadoop\hadoop-mapreduce-client-shuffle\2.6.5\hadoop-mapreduce-client-shuffle-2.6.5.jar;C:\Users\Daniel RD\.m2\repository\org\apache\hadoop\hadoop-yarn-api\2.6.5\hadoop-yarn-api-2.6.5.jar;C:\Users\Daniel RD\.m2\repository\org\apache\hadoop\hadoop-mapreduce-client-core\2.6.5\hadoop-mapreduce-client-core-2.6.5.jar;C:\Users\Daniel RD\.m2\repository\org\apache\hadoop\hadoop-yarn-common\2.6.5\hadoop-yarn-common-2.6.5.jar;C:\Users\Daniel RD\.m2\repository\javax\xml\bind\jaxb-api\2.2.2\jaxb-api-2.2.2.jar;C:\Users\Daniel RD\.m2\repository\javax\xml\stream\stax-api\1.0-2\stax-api-1.0-2.jar;C:\Users\Daniel RD\.m2\repository\org\codehaus\jackson\jackson-jaxrs\1.9.13\jackson-jaxrs-1.9.13.jar;C:\Users\Daniel RD\.m2\repository\org\codehaus\jackson\jackson-xc\1.9.13\jackson-xc-1.9.13.jar;C:\Users\Daniel RD\.m2\repository\org\apache\hadoop\hadoop-mapreduce-client-jobclient\2.6.5\hadoop-mapreduce-client-jobclient-2.6.5.jar;C:\Users\Daniel RD\.m2\repository\org\apache\hadoop\hadoop-annotations\2.6.5\hadoop-annotations-2.6.5.jar;C:\Users\Daniel RD\.m2\repository\org\apache\spark\spark-launcher_2.11\2.4.0\spark-launcher_2.11-2.4.0.jar;C:\Users\Daniel RD\.m2\repository\org\apache\spark\spark-kvstore_2.11\2.4.0\spark-kvstore_2.11-2.4.0.jar;C:\Users\Daniel RD\.m2\repository\org\fusesource\leveldbjni\leveldbjni-all\1.8\leveldbjni-all-1.8.jar;C:\Users\Daniel RD\.m2\repository\com\fasterxml\jackson\core\jackson-core\2.6.7\jackson-core-2.6.7.jar;C:\Users\Daniel RD\.m2\repository\com\fasterxml\jackson\core\jackson-annotations\2.6.7\jackson-annotations-2.6.7.jar;C:\Users\Daniel RD\.m2\repository\org\apache\spark\spark-network-common_2.11\2.4.0\spark-network-common_2.11-2.4.0.jar;C:\Users\Daniel RD\.m2\repository\org\apache\spark\spark-network-shuffle_2.11\2.4.0\spark-network-shuffle_2.11-2.4.0.jar;C:\Users\Daniel RD\.m2\repository\org\apache\spark\spark-unsafe_2.11\2.4.0\spark-unsafe_2.11-2.4.0.jar;C:\Users\Daniel RD\.m2\repository\javax\activation\activation\1.1.1\activation-1.1.1.jar;C:\Users\Daniel RD\.m2\repository\org\apache\curator\curator-recipes\2.6.0\curator-recipes-2.6.0.jar;C:\Users\Daniel RD\.m2\repository\org\apache\curator\curator-framework\2.6.0\curator-framework-2.6.0.jar;C:\Users\Daniel RD\.m2\repository\com\google\guava\guava\16.0.1\guava-16.0.1.jar;C:\Users\Daniel RD\.m2\repository\org\apache\zookeeper\zookeeper\3.4.6\zookeeper-3.4.6.jar;C:\Users\Daniel RD\.m2\repository\javax\servlet\javax.servlet-api\3.1.0\javax.servlet-api-3.1.0.jar;C:\Users\Daniel RD\.m2\repository\org\apache\commons\commons-lang3\3.5\commons-lang3-3.5.jar;C:\Users\Daniel RD\.m2\repository\org\apache\commons\commons-math3\3.4.1\commons-math3-3.4.1.jar;C:\Users\Daniel RD\.m2\repository\com\google\code\findbugs\jsr305\1.3.9\jsr305-1.3.9.jar;C:\Users\Daniel RD\.m2\repository\org\slf4j\slf4j-api\1.7.16\slf4j-api-1.7.16.jar;C:\Users\Daniel RD\.m2\repository\org\slf4j\jul-to-slf4j\1.7.16\jul-to-slf4j-1.7.16.jar;C:\Users\Daniel RD\.m2\repository\org\slf4j\jcl-over-slf4j\1.7.16\jcl-over-slf4j-1.7.16.jar;C:\Users\Daniel RD\.m2\repository\log4j\log4j\1.2.17\log4j-1.2.17.jar;C:\Users\Daniel RD\.m2\repository\org\slf4j\slf4j-log4j12\1.7.16\slf4j-log4j12-1.7.16.jar;C:\Users\Daniel RD\.m2\repository\com\ning\compress-lzf\1.0.3\compress-lzf-1.0.3.jar;C:\Users\Daniel RD\.m2\repository\org\xerial\snappy\snappy-java\1.1.7.1\snappy-java-1.1.7.1.jar;C:\Users\Daniel RD\.m2\repository\org\lz4\lz4-java\1.4.0\lz4-java-1.4.0.jar;C:\Users\Daniel RD\.m2\repository\com\github\luben\zstd-jni\1.3.2-2\zstd-jni-1.3.2-2.jar;C:\Users\Daniel RD\.m2\repository\org\roaringbitmap\RoaringBitmap\0.5.11\RoaringBitmap-0.5.11.jar;C:\Users\Daniel RD\.m2\repository\commons-net\commons-net\3.1\commons-net-3.1.jar;C:\Users\Daniel RD\.m2\repository\org\scala-lang\scala-library\2.11.12\scala-library-2.11.12.jar;C:\Users\Daniel RD\.m2\repository\org\json4s\json4s-jackson_2.11\3.5.3\json4s-jackson_2.11-3.5.3.jar;C:\Users\Daniel RD\.m2\repository\org\json4s\json4s-core_2.11\3.5.3\json4s-core_2.11-3.5.3.jar;C:\Users\Daniel RD\.m2\repository\org\json4s\json4s-ast_2.11\3.5.3\json4s-ast_2.11-3.5.3.jar;C:\Users\Daniel RD\.m2\repository\org\json4s\json4s-scalap_2.11\3.5.3\json4s-scalap_2.11-3.5.3.jar;C:\Users\Daniel RD\.m2\repository\org\scala-lang\modules\scala-xml_2.11\1.0.6\scala-xml_2.11-1.0.6.jar;C:\Users\Daniel RD\.m2\repository\org\glassfish\jersey\core\jersey-client\2.22.2\jersey-client-2.22.2.jar;C:\Users\Daniel RD\.m2\repository\javax\ws\rs\javax.ws.rs-api\2.0.1\javax.ws.rs-api-2.0.1.jar;C:\Users\Daniel RD\.m2\repository\org\glassfish\hk2\hk2-api\2.4.0-b34\hk2-api-2.4.0-b34.jar;C:\Users\Daniel RD\.m2\repository\org\glassfish\hk2\hk2-utils\2.4.0-b34\hk2-utils-2.4.0-b34.jar;C:\Users\Daniel RD\.m2\repository\org\glassfish\hk2\external\aopalliance-repackaged\2.4.0-b34\aopalliance-repackaged-2.4.0-b34.jar;C:\Users\Daniel RD\.m2\repository\org\glassfish\hk2\external\javax.inject\2.4.0-b34\javax.inject-2.4.0-b34.jar;C:\Users\Daniel RD\.m2\repository\org\glassfish\hk2\hk2-locator\2.4.0-b34\hk2-locator-2.4.0-b34.jar;C:\Users\Daniel RD\.m2\repository\org\javassist\javassist\3.18.1-GA\javassist-3.18.1-GA.jar;C:\Users\Daniel RD\.m2\repository\org\glassfish\jersey\core\jersey-common\2.22.2\jersey-common-2.22.2.jar;C:\Users\Daniel RD\.m2\repository\javax\annotation\javax.annotation-api\1.2\javax.annotation-api-1.2.jar;C:\Users\Daniel RD\.m2\repository\org\glassfish\jersey\bundles\repackaged\jersey-guava\2.22.2\jersey-guava-2.22.2.jar;C:\Users\Daniel RD\.m2\repository\org\glassfish\hk2\osgi-resource-locator\1.0.1\osgi-resource-locator-1.0.1.jar;C:\Users\Daniel RD\.m2\repository\org\glassfish\jersey\core\jersey-server\2.22.2\jersey-server-2.22.2.jar;C:\Users\Daniel RD\.m2\repository\org\glassfish\jersey\media\jersey-media-jaxb\2.22.2\jersey-media-jaxb-2.22.2.jar;C:\Users\Daniel RD\.m2\repository\javax\validation\validation-api\1.1.0.Final\validation-api-1.1.0.Final.jar;C:\Users\Daniel RD\.m2\repository\org\glassfish\jersey\containers\jersey-container-servlet\2.22.2\jersey-container-servlet-2.22.2.jar;C:\Users\Daniel RD\.m2\repository\org\glassfish\jersey\containers\jersey-container-servlet-core\2.22.2\jersey-container-servlet-core-2.22.2.jar;C:\Users\Daniel RD\.m2\repository\io\netty\netty-all\4.1.17.Final\netty-all-4.1.17.Final.jar;C:\Users\Daniel RD\.m2\repository\io\netty\netty\3.9.9.Final\netty-3.9.9.Final.jar;C:\Users\Daniel RD\.m2\repository\com\clearspring\analytics\stream\2.7.0\stream-2.7.0.jar;C:\Users\Daniel RD\.m2\repository\io\dropwizard\metrics\metrics-core\3.1.5\metrics-core-3.1.5.jar;C:\Users\Daniel RD\.m2\repository\io\dropwizard\metrics\metrics-jvm\3.1.5\metrics-jvm-3.1.5.jar;C:\Users\Daniel RD\.m2\repository\io\dropwizard\metrics\metrics-json\3.1.5\metrics-json-3.1.5.jar;C:\Users\Daniel RD\.m2\repository\io\dropwizard\metrics\metrics-graphite\3.1.5\metrics-graphite-3.1.5.jar;C:\Users\Daniel RD\.m2\repository\com\fasterxml\jackson\core\jackson-databind\2.6.7.1\jackson-databind-2.6.7.1.jar;C:\Users\Daniel RD\.m2\repository\com\fasterxml\jackson\module\jackson-module-scala_2.11\2.6.7.1\jackson-module-scala_2.11-2.6.7.1.jar;C:\Users\Daniel RD\.m2\repository\org\scala-lang\scala-reflect\2.11.8\scala-reflect-2.11.8.jar;C:\Users\Daniel RD\.m2\repository\com\fasterxml\jackson\module\jackson-module-paranamer\2.7.9\jackson-module-paranamer-2.7.9.jar;C:\Users\Daniel RD\.m2\repository\org\apache\ivy\ivy\2.4.0\ivy-2.4.0.jar;C:\Users\Daniel RD\.m2\repository\oro\oro\2.0.8\oro-2.0.8.jar;C:\Users\Daniel RD\.m2\repository\net\razorvine\pyrolite\4.13\pyrolite-4.13.jar;C:\Users\Daniel RD\.m2\repository\net\sf\py4j\py4j\0.10.7\py4j-0.10.7.jar;C:\Users\Daniel RD\.m2\repository\org\apache\spark\spark-tags_2.11\2.4.0\spark-tags_2.11-2.4.0.jar;C:\Users\Daniel RD\.m2\repository\org\apache\commons\commons-crypto\1.0.0\commons-crypto-1.0.0.jar;C:\Users\Daniel RD\.m2\repository\org\spark-project\spark\unused\1.0.0\unused-1.0.0.jar;C:\Users\Daniel RD\.m2\repository\org\apache\spark\spark-sql_2.11\2.4.0\spark-sql_2.11-2.4.0.jar;C:\Users\Daniel RD\.m2\repository\com\univocity\univocity-parsers\2.7.3\univocity-parsers-2.7.3.jar;C:\Users\Daniel RD\.m2\repository\org\apache\spark\spark-sketch_2.11\2.4.0\spark-sketch_2.11-2.4.0.jar;C:\Users\Daniel RD\.m2\repository\org\apache\spark\spark-catalyst_2.11\2.4.0\spark-catalyst_2.11-2.4.0.jar;C:\Users\Daniel RD\.m2\repository\org\scala-lang\modules\scala-parser-combinators_2.11\1.1.0\scala-parser-combinators_2.11-1.1.0.jar;C:\Users\Daniel RD\.m2\repository\org\codehaus\janino\janino\3.0.9\janino-3.0.9.jar;C:\Users\Daniel RD\.m2\repository\org\codehaus\janino\commons-compiler\3.0.9\commons-compiler-3.0.9.jar;C:\Users\Daniel RD\.m2\repository\org\antlr\antlr4-runtime\4.7\antlr4-runtime-4.7.jar;C:\Users\Daniel RD\.m2\repository\org\apache\orc\orc-core\1.5.2\orc-core-1.5.2-nohive.jar;C:\Users\Daniel RD\.m2\repository\org\apache\orc\orc-shims\1.5.2\orc-shims-1.5.2.jar;C:\Users\Daniel RD\.m2\repository\com\google\protobuf\protobuf-java\2.5.0\protobuf-java-2.5.0.jar;C:\Users\Daniel RD\.m2\repository\commons-lang\commons-lang\2.6\commons-lang-2.6.jar;C:\Users\Daniel RD\.m2\repository\io\airlift\aircompressor\0.10\aircompressor-0.10.jar;C:\Users\Daniel RD\.m2\repository\org\apache\orc\orc-mapreduce\1.5.2\orc-mapreduce-1.5.2-nohive.jar;C:\Users\Daniel RD\.m2\repository\org\apache\parquet\parquet-column\1.10.0\parquet-column-1.10.0.jar;C:\Users\Daniel RD\.m2\repository\org\apache\parquet\parquet-common\1.10.0\parquet-common-1.10.0.jar;C:\Users\Daniel RD\.m2\repository\org\apache\parquet\parquet-encoding\1.10.0\parquet-encoding-1.10.0.jar;C:\Users\Daniel RD\.m2\repository\org\apache\parquet\parquet-hadoop\1.10.0\parquet-hadoop-1.10.0.jar;C:\Users\Daniel RD\.m2\repository\org\apache\parquet\parquet-format\2.4.0\parquet-format-2.4.0.jar;C:\Users\Daniel RD\.m2\repository\org\apache\parquet\parquet-jackson\1.10.0\parquet-jackson-1.10.0.jar;C:\Users\Daniel RD\.m2\repository\org\apache\arrow\arrow-vector\0.10.0\arrow-vector-0.10.0.jar;C:\Users\Daniel RD\.m2\repository\org\apache\arrow\arrow-format\0.10.0\arrow-format-0.10.0.jar;C:\Users\Daniel RD\.m2\repository\org\apache\arrow\arrow-memory\0.10.0\arrow-memory-0.10.0.jar;C:\Users\Daniel RD\.m2\repository\com\carrotsearch\hppc\0.7.2\hppc-0.7.2.jar;C:\Users\Daniel RD\.m2\repository\com\vlkan\flatbuffers\1.2.0-3f79e055\flatbuffers-1.2.0-3f79e055.jar;C:\Users\Daniel RD\.m2\repository\org\apache\spark\spark-hive_2.11\2.4.0\spark-hive_2.11-2.4.0.jar;C:\Users\Daniel RD\.m2\repository\com\twitter\parquet-hadoop-bundle\1.6.0\parquet-hadoop-bundle-1.6.0.jar;C:\Users\Daniel RD\.m2\repository\org\spark-project\hive\hive-exec\1.2.1.spark2\hive-exec-1.2.1.spark2.jar;C:\Users\Daniel RD\.m2\repository\commons-io\commons-io\2.4\commons-io-2.4.jar;C:\Users\Daniel RD\.m2\repository\javolution\javolution\5.5.1\javolution-5.5.1.jar;C:\Users\Daniel RD\.m2\repository\log4j\apache-log4j-extras\1.2.17\apache-log4j-extras-1.2.17.jar;C:\Users\Daniel RD\.m2\repository\org\antlr\antlr-runtime\3.4\antlr-runtime-3.4.jar;C:\Users\Daniel RD\.m2\repository\org\antlr\stringtemplate\3.2.1\stringtemplate-3.2.1.jar;C:\Users\Daniel RD\.m2\repository\antlr\antlr\2.7.7\antlr-2.7.7.jar;C:\Users\Daniel RD\.m2\repository\org\antlr\ST4\4.0.4\ST4-4.0.4.jar;C:\Users\Daniel RD\.m2\repository\com\googlecode\javaewah\JavaEWAH\0.3.2\JavaEWAH-0.3.2.jar;C:\Users\Daniel RD\.m2\repository\org\iq80\snappy\snappy\0.2\snappy-0.2.jar;C:\Users\Daniel RD\.m2\repository\stax\stax-api\1.0.1\stax-api-1.0.1.jar;C:\Users\Daniel RD\.m2\repository\net\sf\opencsv\opencsv\2.3\opencsv-2.3.jar;C:\Users\Daniel RD\.m2\repository\org\spark-project\hive\hive-metastore\1.2.1.spark2\hive-metastore-1.2.1.spark2.jar;C:\Users\Daniel RD\.m2\repository\com\jolbox\bonecp\0.8.0.RELEASE\bonecp-0.8.0.RELEASE.jar;C:\Users\Daniel RD\.m2\repository\commons-cli\commons-cli\1.2\commons-cli-1.2.jar;C:\Users\Daniel RD\.m2\repository\commons-logging\commons-logging\1.1.3\commons-logging-1.1.3.jar;C:\Users\Daniel RD\.m2\repository\org\datanucleus\datanucleus-api-jdo\3.2.6\datanucleus-api-jdo-3.2.6.jar;C:\Users\Daniel RD\.m2\repository\org\datanucleus\datanucleus-rdbms\3.2.9\datanucleus-rdbms-3.2.9.jar;C:\Users\Daniel RD\.m2\repository\commons-pool\commons-pool\1.5.4\commons-pool-1.5.4.jar;C:\Users\Daniel RD\.m2\repository\commons-dbcp\commons-dbcp\1.4\commons-dbcp-1.4.jar;C:\Users\Daniel RD\.m2\repository\javax\jdo\jdo-api\3.0.1\jdo-api-3.0.1.jar;C:\Users\Daniel RD\.m2\repository\javax\transaction\jta\1.1\jta-1.1.jar;C:\Users\Daniel RD\.m2\repository\commons-httpclient\commons-httpclient\3.1\commons-httpclient-3.1.jar;C:\Users\Daniel RD\.m2\repository\org\apache\calcite\calcite-avatica\1.2.0-incubating\calcite-avatica-1.2.0-incubating.jar;C:\Users\Daniel RD\.m2\repository\org\apache\calcite\calcite-core\1.2.0-incubating\calcite-core-1.2.0-incubating.jar;C:\Users\Daniel RD\.m2\repository\org\apache\calcite\calcite-linq4j\1.2.0-incubating\calcite-linq4j-1.2.0-incubating.jar;C:\Users\Daniel RD\.m2\repository\net\hydromatic\eigenbase-properties\1.1.5\eigenbase-properties-1.1.5.jar;C:\Users\Daniel RD\.m2\repository\org\apache\httpcomponents\httpclient\4.5.6\httpclient-4.5.6.jar;C:\Users\Daniel RD\.m2\repository\org\apache\httpcomponents\httpcore\4.4.10\httpcore-4.4.10.jar;C:\Users\Daniel RD\.m2\repository\org\codehaus\jackson\jackson-mapper-asl\1.9.13\jackson-mapper-asl-1.9.13.jar;C:\Users\Daniel RD\.m2\repository\commons-codec\commons-codec\1.10\commons-codec-1.10.jar;C:\Users\Daniel RD\.m2\repository\joda-time\joda-time\2.9.3\joda-time-2.9.3.jar;C:\Users\Daniel RD\.m2\repository\org\jodd\jodd-core\3.5.2\jodd-core-3.5.2.jar;C:\Users\Daniel RD\.m2\repository\org\datanucleus\datanucleus-core\3.2.10\datanucleus-core-3.2.10.jar;C:\Users\Daniel RD\.m2\repository\org\apache\thrift\libthrift\0.9.3\libthrift-0.9.3.jar;C:\Users\Daniel RD\.m2\repository\org\apache\thrift\libfb303\0.9.3\libfb303-0.9.3.jar;C:\Users\Daniel RD\.m2\repository\org\apache\derby\derby\10.12.1.1\derby-10.12.1.1.jar;"/>
    <property name="sun.cpu.endian" value="little"/>
    <property name="user.home" value="C:\Users\Daniel RD"/>
    <property name="user.language" value="es"/>
    <property name="java.specification.vendor" value="Oracle Corporation"/>
    <property name="java.home" value="C:\Program Files\Java\jdk1.8.0_191\jre"/>
    <property name="basedir" value="C:\Users\Daniel RD\IdeaProjects\sparktraining"/>
    <property name="file.separator" value="\"/>
    <property name="line.separator" value="&#10;"/>
    <property name="java.vm.specification.vendor" value="Oracle Corporation"/>
    <property name="java.specification.name" value="Java Platform API Specification"/>
    <property name="java.awt.graphicsenv" value="sun.awt.Win32GraphicsEnvironment"/>
    <property name="surefire.real.class.path" value="C:\Users\DANIEL~1\AppData\Local\Temp\surefire3309633142656718330\surefirebooter8860844425939389357.jar"/>
    <property name="sun.boot.class.path" value="C:\Program Files\Java\jdk1.8.0_191\jre\lib\resources.jar;C:\Program Files\Java\jdk1.8.0_191\jre\lib\rt.jar;C:\Program Files\Java\jdk1.8.0_191\jre\lib\sunrsasign.jar;C:\Program Files\Java\jdk1.8.0_191\jre\lib\jsse.jar;C:\Program Files\Java\jdk1.8.0_191\jre\lib\jce.jar;C:\Program Files\Java\jdk1.8.0_191\jre\lib\charsets.jar;C:\Program Files\Java\jdk1.8.0_191\jre\lib\jfr.jar;C:\Program Files\Java\jdk1.8.0_191\jre\classes"/>
    <property name="user.script" value=""/>
    <property name="sun.management.compiler" value="HotSpot 64-Bit Tiered Compilers"/>
    <property name="java.runtime.version" value="1.8.0_191-b12"/>
    <property name="user.name" value="Daniel RD"/>
    <property name="path.separator" value=";"/>
    <property name="os.version" value="10.0"/>
    <property name="java.endorsed.dirs" value="C:\Program Files\Java\jdk1.8.0_191\jre\lib\endorsed"/>
    <property name="java.runtime.name" value="Java(TM) SE Runtime Environment"/>
    <property name="file.encoding" value="Cp1252"/>
    <property name="java.vm.name" value="Java HotSpot(TM) 64-Bit Server VM"/>
    <property name="localRepository" value="C:\Users\Daniel RD\.m2\repository"/>
    <property name="java.vendor.url.bug" value="http://bugreport.sun.com/bugreport/"/>
    <property name="java.io.tmpdir" value="C:\Users\DANIEL~1\AppData\Local\Temp\"/>
    <property name="java.version" value="1.8.0_191"/>
    <property name="user.dir" value="C:\Users\Daniel RD\IdeaProjects\sparktraining"/>
    <property name="os.arch" value="amd64"/>
    <property name="java.vm.specification.name" value="Java Virtual Machine Specification"/>
    <property name="java.awt.printerjob" value="sun.awt.windows.WPrinterJob"/>
    <property name="sun.os.patch.level" value=""/>
    <property name="idea.version2019.1" value="true"/>
    <property name="java.library.path" value="C:\Program Files\Java\jdk1.8.0_191\jre\bin;C:\WINDOWS\Sun\Java\bin;C:\WINDOWS\system32;C:\WINDOWS;D:\Anaconda3;D:\Anaconda3\Library\mingw-w64\bin;D:\Anaconda3\Library\usr\bin;D:\Anaconda3\Library\bin;D:\Anaconda3\Scripts;C:\Program Files\NVIDIA GPU Computing Toolkit\CUDA\v10.0\bin;C:\Program Files\NVIDIA GPU Computing Toolkit\CUDA\v10.0\libnvvp;C:\Program Files (x86)\Common Files\Oracle\Java\javapath;C:\Program Files\MATLAB\R2017b\bin;C:\Program Files\MATLAB\R2017b\bin\win64;C:\WINDOWS\system32;C:\WINDOWS;C:\WINDOWS\System32\Wbem;C:\WINDOWS\System32\WindowsPowerShell\v1.0\;C:\WINDOWS\System32\OpenSSH\;C:\Users\Daniel RD\AppData\Local\Microsoft\WindowsApps;C:\Program Files\Microsoft VS Code\bin;D:\SAS 9.4\Secure\ccme4;D:\SAS 9.4\x86\Secure\ccme4;D:\texlive\2018\bin\win32;D:\Git\cmd;D:\Git\mingw64\bin;D:\Git\usr\bin;D:\Spark\spark-2.4.0-bin-hadoop2.7\bin;C:\Android;C:\Windows\System32;C:\Program Files (x86)\NVIDIA Corporation\PhysX\Common;D:\Python;D:\Python\Scripts;D:\AutoFirma\AutoFirma;C:\Users\Daniel RD\AppData\Local\Microsoft\WindowsApps;;D:\JetBrains\IntelliJ IDEA Community Edition 2019.1\bin;;."/>
    <property name="java.vm.info" value="mixed mode"/>
    <property name="java.vendor" value="Oracle Corporation"/>
    <property name="java.vm.version" value="25.191-b12"/>
    <property name="java.ext.dirs" value="C:\Program Files\Java\jdk1.8.0_191\jre\lib\ext;C:\WINDOWS\Sun\Java\lib\ext"/>
    <property name="sun.io.unicode.encoding" value="UnicodeLittle"/>
    <property name="java.class.version" value="52.0"/>
  </properties>
  <testcase name="shouldAnswerWithTrue" classname="com.drodride.training.spark.AppTest" time="0.006"/>
</testsuite>